<?xml version="1.0" encoding="UTF-8"?>
<!-- Generated by org.testng.reporters.JUnitXMLReporter -->
<testsuite ignored="2" hostname="ILD-CHN-LAP-201" failures="0" tests="1" name="Test" time="9.855" errors="0" timestamp="2023-02-27T15:49:04 IST">
  <testcase classname="testCases.TC_03_LoginTest" name="test_Login" time="2.728"/>
  <testcase classname="testCases.TC_02_Shop_filterprice" name="test_shop_filterprice" time="0.0">
    <ignored/>
  </testcase> <!-- test_shop_filterprice -->
  <testcase classname="testCases.TC_01_AccountRegistrationTest" name="test_account_Registration" time="0.0">
    <ignored/>
  </testcase> <!-- test_account_Registration -->
</testsuite> <!-- Test -->
