<?xml version="1.0" encoding="UTF-8"?>
<testng-results ignored="0" total="5" passed="5" failed="0" skipped="0">
  <reporter-output>
  </reporter-output>
  <suite started-at="2023-02-28T10:59:26 IST" name="Automation_ProjectSuite" finished-at="2023-02-28T11:00:20 IST" duration-ms="53528">
    <groups>
      <group name="Master">
        <method signature="TC_01_AccountRegistrationTest.test_account_Registration()[pri:0, instance:testCases.TC_01_AccountRegistrationTest@1530c739]" name="test_account_Registration" class="testCases.TC_01_AccountRegistrationTest"/>
        <method signature="TC_03_LoginTest.test_Login()[pri:0, instance:testCases.TC_03_LoginTest@470734c3]" name="test_Login" class="testCases.TC_03_LoginTest"/>
      </group> <!-- Master -->
      <group name="Sanity">
        <method signature="TC_03_LoginTest.test_Login()[pri:0, instance:testCases.TC_03_LoginTest@470734c3]" name="test_Login" class="testCases.TC_03_LoginTest"/>
      </group> <!-- Sanity -->
      <group name="Regression">
        <method signature="TC_01_AccountRegistrationTest.test_account_Registration()[pri:0, instance:testCases.TC_01_AccountRegistrationTest@1530c739]" name="test_account_Registration" class="testCases.TC_01_AccountRegistrationTest"/>
      </group> <!-- Regression -->
    </groups>
    <test started-at="2023-02-28T10:59:26 IST" name="Test" finished-at="2023-02-28T11:00:20 IST" duration-ms="53528">
      <class name="testCases.TC_04_LoginTestDDT">
        <test-method is-config="true" signature="setup(java.lang.String)[pri:0, instance:testCases.TC_04_LoginTestDDT@2cf3d63b]" started-at="2023-02-28T10:59:44 IST" name="setup" finished-at="2023-02-28T10:59:49 IST" duration-ms="4761" status="PASS">
          <params>
            <param index="0">
              <value>
                <![CDATA[chrome]]>
              </value>
            </param>
          </params>
          <reporter-output>
          </reporter-output>
        </test-method> <!-- setup -->
        <test-method signature="test_LoginDDT(java.lang.String,java.lang.String,java.lang.String)[pri:0, instance:testCases.TC_04_LoginTestDDT@2cf3d63b]" started-at="2023-02-28T10:59:51 IST" name="test_LoginDDT" data-provider="LoginData" finished-at="2023-02-28T10:59:56 IST" duration-ms="4536" status="PASS">
          <params>
            <param index="0">
              <value>
                <![CDATA[qaKartik@gmail.com]]>
              </value>
            </param>
            <param index="1">
              <value>
                <![CDATA[qaKartik@gmail.com]]>
              </value>
            </param>
            <param index="2">
              <value>
                <![CDATA[Valid]]>
              </value>
            </param>
          </params>
          <reporter-output>
          </reporter-output>
        </test-method> <!-- test_LoginDDT -->
        <test-method signature="test_LoginDDT(java.lang.String,java.lang.String,java.lang.String)[pri:0, instance:testCases.TC_04_LoginTestDDT@2cf3d63b]" started-at="2023-02-28T10:59:56 IST" name="test_LoginDDT" data-provider="LoginData" finished-at="2023-02-28T11:00:07 IST" duration-ms="11575" status="PASS">
          <params>
            <param index="0">
              <value>
                <![CDATA[qaKartik1@gmail.com]]>
              </value>
            </param>
            <param index="1">
              <value>
                <![CDATA[qaKartik21@gmail.com]]>
              </value>
            </param>
            <param index="2">
              <value>
                <![CDATA[Invalid]]>
              </value>
            </param>
          </params>
          <reporter-output>
          </reporter-output>
        </test-method> <!-- test_LoginDDT -->
        <test-method signature="test_LoginDDT(java.lang.String,java.lang.String,java.lang.String)[pri:0, instance:testCases.TC_04_LoginTestDDT@2cf3d63b]" started-at="2023-02-28T11:00:07 IST" name="test_LoginDDT" data-provider="LoginData" finished-at="2023-02-28T11:00:19 IST" duration-ms="11718" status="PASS">
          <params>
            <param index="0">
              <value>
                <![CDATA[qaKartik2@gmail.com]]>
              </value>
            </param>
            <param index="1">
              <value>
                <![CDATA[qaKartik212@gmail.com]]>
              </value>
            </param>
            <param index="2">
              <value>
                <![CDATA[Invalid]]>
              </value>
            </param>
          </params>
          <reporter-output>
          </reporter-output>
        </test-method> <!-- test_LoginDDT -->
        <test-method is-config="true" signature="teardown()[pri:0, instance:testCases.TC_04_LoginTestDDT@2cf3d63b]" started-at="2023-02-28T11:00:19 IST" name="teardown" finished-at="2023-02-28T11:00:20 IST" duration-ms="732" status="PASS">
          <reporter-output>
          </reporter-output>
        </test-method> <!-- teardown -->
      </class> <!-- testCases.TC_04_LoginTestDDT -->
      <class name="testCases.TC_01_AccountRegistrationTest">
        <test-method is-config="true" signature="setup(java.lang.String)[pri:0, instance:testCases.TC_01_AccountRegistrationTest@1530c739]" started-at="2023-02-28T10:59:27 IST" name="setup" finished-at="2023-02-28T10:59:33 IST" duration-ms="6768" status="PASS">
          <params>
            <param index="0">
              <value>
                <![CDATA[chrome]]>
              </value>
            </param>
          </params>
          <reporter-output>
          </reporter-output>
        </test-method> <!-- setup -->
        <test-method signature="test_account_Registration()[pri:0, instance:testCases.TC_01_AccountRegistrationTest@1530c739]" started-at="2023-02-28T10:59:33 IST" name="test_account_Registration" finished-at="2023-02-28T10:59:36 IST" duration-ms="2450" status="PASS">
          <reporter-output>
          </reporter-output>
        </test-method> <!-- test_account_Registration -->
        <test-method is-config="true" signature="teardown()[pri:0, instance:testCases.TC_01_AccountRegistrationTest@1530c739]" started-at="2023-02-28T10:59:36 IST" name="teardown" finished-at="2023-02-28T10:59:37 IST" duration-ms="752" status="PASS">
          <reporter-output>
          </reporter-output>
        </test-method> <!-- teardown -->
      </class> <!-- testCases.TC_01_AccountRegistrationTest -->
      <class name="testCases.TC_03_LoginTest">
        <test-method is-config="true" signature="setup(java.lang.String)[pri:0, instance:testCases.TC_03_LoginTest@470734c3]" started-at="2023-02-28T10:59:37 IST" name="setup" finished-at="2023-02-28T10:59:41 IST" duration-ms="4575" status="PASS">
          <params>
            <param index="0">
              <value>
                <![CDATA[chrome]]>
              </value>
            </param>
          </params>
          <reporter-output>
          </reporter-output>
        </test-method> <!-- setup -->
        <test-method signature="test_Login()[pri:0, instance:testCases.TC_03_LoginTest@470734c3]" started-at="2023-02-28T10:59:41 IST" name="test_Login" finished-at="2023-02-28T10:59:44 IST" duration-ms="2308" status="PASS">
          <reporter-output>
          </reporter-output>
        </test-method> <!-- test_Login -->
        <test-method is-config="true" signature="teardown()[pri:0, instance:testCases.TC_03_LoginTest@470734c3]" started-at="2023-02-28T10:59:44 IST" name="teardown" finished-at="2023-02-28T10:59:44 IST" duration-ms="728" status="PASS">
          <reporter-output>
          </reporter-output>
        </test-method> <!-- teardown -->
      </class> <!-- testCases.TC_03_LoginTest -->
    </test> <!-- Test -->
  </suite> <!-- Automation_ProjectSuite -->
</testng-results>
