<?xml version="1.0" encoding="UTF-8"?>
<!-- Generated by org.testng.reporters.JUnitXMLReporter -->
<testsuite ignored="0" hostname="ILD-CHN-LAP-201" failures="0" tests="5" name="Test" time="75.523" errors="0" timestamp="2023-02-28T10:24:45 IST">
  <testcase classname="testCases.TC_01_AccountRegistrationTest" name="test_account_Registration" time="7.54"/>
  <testcase classname="testCases.TC_03_LoginTest" name="test_Login" time="4.78"/>
  <testcase classname="testCases.TC_04_LoginTestDDT" name="test_LoginDDT" time="6.983"/>
  <testcase classname="testCases.TC_04_LoginTestDDT" name="test_LoginDDT" time="12.685"/>
  <testcase classname="testCases.TC_04_LoginTestDDT" name="test_LoginDDT" time="12.298"/>
</testsuite> <!-- Test -->
