<?xml version="1.0" encoding="UTF-8"?>
<!-- Generated by org.testng.reporters.JUnitXMLReporter -->
<testsuite ignored="0" hostname="ILD-CHN-LAP-201" failures="0" tests="5" name="Test" time="53.528" errors="0" timestamp="2023-02-28T11:00:20 IST">
  <testcase classname="testCases.TC_01_AccountRegistrationTest" name="test_account_Registration" time="2.45"/>
  <testcase classname="testCases.TC_03_LoginTest" name="test_Login" time="2.308"/>
  <testcase classname="testCases.TC_04_LoginTestDDT" name="test_LoginDDT" time="4.536"/>
  <testcase classname="testCases.TC_04_LoginTestDDT" name="test_LoginDDT" time="11.575"/>
  <testcase classname="testCases.TC_04_LoginTestDDT" name="test_LoginDDT" time="11.718"/>
</testsuite> <!-- Test -->
